<?xml version="1.0" encoding="UTF-8"?>
<!-- Generated by org.testng.reporters.JUnitXMLReporter -->
<testsuite ignored="0" hostname="LAPTOP-7TV1GHGH" failures="0" tests="3" name="ChromeTest" time="91.361" errors="0" timestamp="2022-12-15T14:21:50 IST">
  <testcase classname="testkhanacademy.TestTeachersCross" name="profile" time="7.35"/>
  <testcase classname="testkhanacademy.TestTeachersCross" name="progress" time="3.952"/>
  <testcase classname="testkhanacademy.TestTeachersCross" name="teachers" time="5.101"/>
</testsuite> <!-- ChromeTest -->
