<?xml version="1.0" encoding="UTF-8"?>
<!-- Generated by org.testng.reporters.JUnitXMLReporter -->
<testsuite ignored="0" hostname="LAPTOP-7TV1GHGH" failures="0" tests="3" name="FirefoxTest" time="69.017" errors="0" timestamp="2022-12-15T14:22:59 IST">
  <testcase classname="testkhanacademy.TestTeachersCross" name="profile" time="6.199"/>
  <testcase classname="testkhanacademy.TestTeachersCross" name="progress" time="4.625"/>
  <testcase classname="testkhanacademy.TestTeachersCross" name="teachers" time="4.857"/>
</testsuite> <!-- FirefoxTest -->
