<?xml version="1.0" encoding="UTF-8"?>
<!-- Generated by org.testng.reporters.JUnitXMLReporter -->
<testsuite ignored="2" hostname="LAPTOP-7TV1GHGH" failures="0" tests="3" name="Test" time="31.806" errors="0" timestamp="2022-12-14T14:50:23 IST">
  <testcase classname="testkhanacademy.testTeachers" name="teachers" time="6.909"/>
  <testcase classname="testkhanacademy.testNGbasicCheckin" name="test" time="0.003"/>
  <testcase classname="testkhanacademy.testNGbasicCheckin" name="test1" time="0.003"/>
  <testcase classname="testkhanacademy.testTeachers" name="profile" time="0.0">
    <ignored/>
  </testcase> <!-- profile -->
  <testcase classname="testkhanacademy.testTeachers" name="progress" time="0.0">
    <ignored/>
  </testcase> <!-- progress -->
</testsuite> <!-- Test -->
