<?xml version="1.0" encoding="UTF-8"?>
<!-- Generated by org.testng.reporters.JUnitXMLReporter -->
<testsuite ignored="0" hostname="LAPTOP-7TV1GHGH" failures="0" tests="6" name="FirefoxTest" time="143.884" errors="0" timestamp="2022-12-15T14:48:51 IST">
  <testcase classname="testkhanacademy.TestTeachersCross" name="profile" time="15.741"/>
  <testcase classname="testkhanacademy.testTeachers" name="profile" time="11.69"/>
  <testcase classname="testkhanacademy.TestTeachersCross" name="progress" time="12.57"/>
  <testcase classname="testkhanacademy.testTeachers" name="progress" time="4.377"/>
  <testcase classname="testkhanacademy.testTeachers" name="teachers" time="4.052"/>
  <testcase classname="testkhanacademy.TestTeachersCross" name="teachers" time="4.932"/>
</testsuite> <!-- FirefoxTest -->
